<?xml version="1.0" encoding="UTF-8"?>
<testng-results ignored="0" total="1" passed="1" failed="0" skipped="0">
  <reporter-output>
  </reporter-output>
  <suite started-at="2023-07-29T06:36:13 IST" name="Suite" finished-at="2023-07-29T06:36:15 IST" duration-ms="1118">
    <groups>
    </groups>
    <test started-at="2023-07-29T06:36:13 IST" name="Test" finished-at="2023-07-29T06:36:15 IST" duration-ms="1118">
      <class name="practice.JDBCSetUp">
        <test-method signature="jdbcSetup()[pri:0, instance:practice.JDBCSetUp@59fd97a8]" started-at="2023-07-29T06:36:13 IST" name="jdbcSetup" finished-at="2023-07-29T06:36:15 IST" duration-ms="1034" status="PASS">
          <reporter-output>
          </reporter-output>
        </test-method> <!-- jdbcSetup -->
      </class> <!-- practice.JDBCSetUp -->
    </test> <!-- Test -->
  </suite> <!-- Suite -->
</testng-results>
